Determining compilation order of HDL files
Analyzing Verilog file ALU1Bit.vf
Analyzing Verilog file ALU8Bit.vf
Analyzing Verilog file reg64.v
Analyzing Verilog file m2_1_64b.v
Analyzing Verilog file ALU64Bit.vf
Analyzing Verilog file ProgCount_threaded.vf
Analyzing Verilog file m4_1_64b.v
Analyzing Verilog file PCThreaded4.vf
Analyzing Verilog file PCThreaded4_tb.tfw
Analyzing Verilog file C:/Xilinx/10.1/ISE/verilog/src/glbl.v
Saving Verilog parse-tree work.M2_1_MXILINX_ALU1Bit into
z:/shared/sharedprojects/ee533_lab9/isim/work/@m2_1_@m@x@i@l@i@n@x_@a@l@u1@bit.s
db
Saving Verilog parse-tree work.M2_1E_MXILINX_ALU1Bit into
z:/shared/sharedprojects/ee533_lab9/isim/work/@m2_1@e_@m@x@i@l@i@n@x_@a@l@u1@bit
.sdb
Saving Verilog parse-tree work.M8_1E_MXILINX_ALU1Bit into
z:/shared/sharedprojects/ee533_lab9/isim/work/@m8_1@e_@m@x@i@l@i@n@x_@a@l@u1@bit
.sdb
Saving Verilog parse-tree work.ALU1Bit into
z:/shared/sharedprojects/ee533_lab9/isim/work/@a@l@u1@bit.sdb
Saving Verilog parse-tree work.M2_1_MXILINX_ALU8Bit into
z:/shared/sharedprojects/ee533_lab9/isim/work/@m2_1_@m@x@i@l@i@n@x_@a@l@u8@bit.s
db
Saving Verilog parse-tree work.ALU8Bit into
z:/shared/sharedprojects/ee533_lab9/isim/work/@a@l@u8@bit.sdb
Saving Verilog parse-tree work.reg64 into
z:/shared/sharedprojects/ee533_lab9/isim/work/reg64.sdb
Saving Verilog parse-tree work.m2_1_64b into
z:/shared/sharedprojects/ee533_lab9/isim/work/m2_1_64b.sdb
Saving Verilog parse-tree work.ALU64Bit into
z:/shared/sharedprojects/ee533_lab9/isim/work/@a@l@u64@bit.sdb
Saving Verilog parse-tree work.ProgCount_threaded into
z:/shared/sharedprojects/ee533_lab9/isim/work/@prog@count_threaded.sdb
Saving Verilog parse-tree work.m4_1_64b into
z:/shared/sharedprojects/ee533_lab9/isim/work/m4_1_64b.sdb
Saving Verilog parse-tree work.PCThreaded4 into
z:/shared/sharedprojects/ee533_lab9/isim/work/@p@c@threaded4.sdb
Saving Verilog parse-tree work.PCThreaded4_tb into
z:/shared/sharedprojects/ee533_lab9/isim/work/@p@c@threaded4_tb.sdb
Saving Verilog parse-tree work.glbl into
z:/shared/sharedprojects/ee533_lab9/isim/work/glbl.sdb
Starting static elaboration
Restoring Verilog parse-tree unisims_ver.AND2 from
c:/xilinx/10.1/ise/verilog/hdp/nt/unisims_ver/unisims_ver.sdbl
Restoring Verilog parse-tree unisims_ver.OR2 from
c:/xilinx/10.1/ise/verilog/hdp/nt/unisims_ver/unisims_ver.sdbl
Restoring Verilog parse-tree unisims_ver.XOR3 from
c:/xilinx/10.1/ise/verilog/hdp/nt/unisims_ver/unisims_ver.sdbl
Restoring Verilog parse-tree unisims_ver.VCC from
c:/xilinx/10.1/ise/verilog/hdp/nt/unisims_ver/unisims_ver.sdbl
Restoring Verilog parse-tree unisims_ver.XOR2 from
c:/xilinx/10.1/ise/verilog/hdp/nt/unisims_ver/unisims_ver.sdbl
Restoring Verilog parse-tree unisims_ver.AND2B1 from
c:/xilinx/10.1/ise/verilog/hdp/nt/unisims_ver/unisims_ver.sdbl
Restoring Verilog parse-tree unisims_ver.AND3 from
c:/xilinx/10.1/ise/verilog/hdp/nt/unisims_ver/unisims_ver.sdbl
Restoring Verilog parse-tree unisims_ver.AND3B1 from
c:/xilinx/10.1/ise/verilog/hdp/nt/unisims_ver/unisims_ver.sdbl
Restoring Verilog parse-tree unisims_ver.MUXF5_L from
c:/xilinx/10.1/ise/verilog/hdp/nt/unisims_ver/unisims_ver.sdbl
Restoring Verilog parse-tree unisims_ver.MUXF6 from
c:/xilinx/10.1/ise/verilog/hdp/nt/unisims_ver/unisims_ver.sdbl
Restoring Verilog parse-tree unisims_ver.XNOR2 from
c:/xilinx/10.1/ise/verilog/hdp/nt/unisims_ver/unisims_ver.sdbl
Restoring Verilog parse-tree unisims_ver.GND from
c:/xilinx/10.1/ise/verilog/hdp/nt/unisims_ver/unisims_ver.sdbl
Restoring Verilog parse-tree unisims_ver.FDE from
c:/xilinx/10.1/ise/verilog/hdp/nt/unisims_ver/unisims_ver.sdbl
Restoring Verilog parse-tree unisims_ver.NOR2 from
c:/xilinx/10.1/ise/verilog/hdp/nt/unisims_ver/unisims_ver.sdbl
Completed static elaboration
Fuse Memory Usage: 55176 Kb
Fuse CPU Usage: 4139 ms
Compiling module glbl
Compiling module AND2
Compiling module OR2
Compiling module XOR3
Compiling module VCC
Compiling module XOR2
Compiling module AND2B1
Compiling module M2_1_MXILINX_ALU1Bit
Compiling module AND3
Compiling module AND3B1
Compiling module M2_1E_MXILINX_ALU1Bit
Compiling module MUXF5_L
Compiling module MUXF6
Compiling module M8_1E_MXILINX_ALU1Bit
Compiling module XNOR2
Compiling module ALU1Bit
Compiling module M2_1_MXILINX_ALU8Bit
Compiling module ALU8Bit
Compiling module GND
Compiling module ALU64Bit
Compiling module reg64
Compiling module m2_1_64b
Compiling module FDE(INIT=1'b0)_0
Compiling module FDE(INIT=1'b0)_1
Compiling module FDE(INIT=1'b0)_2
Compiling module FDE(INIT=1'b0)_3
Compiling module ProgCount_threaded
Compiling module ProgCount_threaded_2
Compiling module ProgCount_threaded_3
Compiling module ProgCount_threaded_4
Compiling module NOR2
Compiling module m4_1_64b
Compiling module PCThreaded4
Compiling module PCThreaded4_tb
Compiled 34 Verilog Units
Built simulation executable PCThreaded4_tb_isim_beh.exe
Fuse Memory Usage: 56460 Kb
Fuse CPU Usage: 4640 ms
