Command line:
   ./PipelineDatapath_tb_isim_beh.exe
     -intstyle  ise
     -ipchost  localhost
     -ipcport  1084

Sat Mar 21 16:40:33 2026

Total Line Count : 2474

 Elaboration Time: 0.71875 sec

 Current Memory Usage: 168.731 Meg

 Total Signals          : 27269
 Total Nets             : 7745
 Total Signal Drivers   : 5747
 Total Blocks           : 5543
 Total Primitive Blocks : 4588
 Total Processes        : 6332
 Total Traceable Variables  : 612
 Total Scalar Nets and Variables : 32218
ntrace select -o on -m / -l this 
ntrace start 
isimrun 1000 ns 
Simulator is doing circuit initialization process.
Finished circuit initialization process.

 Total Simulation Time: 1.04688 sec

 Current Memory Usage: 178.168 Meg

Sat Mar 21 16:52:22 2026

